#! /usr/bin/vvp
:ivl_version "10.2 (stable)" "(v10_2)";
:ivl_delay_selection "TYPICAL";
:vpi_time_precision + 0;
:vpi_module "system";
:vpi_module "vhdl_sys";
:vpi_module "v2005_math";
:vpi_module "va_math";
S_0x55b83a099110 .scope module, "Adder" "Adder" 2 1;
 .timescale 0 0;
    .port_info 0 /INPUT 32 "data1_in"
    .port_info 1 /INPUT 32 "data2_in"
    .port_info 2 /OUTPUT 32 "data_o"
o0x7faba152c018 .functor BUFZ 32, C4<zzzzzzzzzzzzzzzzzzzzzzzzzzzzzzzz>; HiZ drive
v0x55b83a099300_0 .net "data1_in", 31 0, o0x7faba152c018;  0 drivers
o0x7faba152c048 .functor BUFZ 32, C4<zzzzzzzzzzzzzzzzzzzzzzzzzzzzzzzz>; HiZ drive
v0x55b83a0ef140_0 .net "data2_in", 31 0, o0x7faba152c048;  0 drivers
v0x55b83a0ef220_0 .net "data_o", 31 0, L_0x55b83a0ef360;  1 drivers
L_0x55b83a0ef360 .arith/sum 32, o0x7faba152c018, o0x7faba152c048;
# The file index is used to find the file name in the following table.
:file_names 3;
    "N/A";
    "<interactive>";
    "Adder.v";
